app/build/intermediates/manifest_merge_blame_file/release/manifest-merger-blame-release-report.txt
1<?xml version="1.0" encoding="utf-8"?>
2<manifest xmlns:android="http://schemas.android.com/apk/res/android"
3    package="com.ding.java.remembercost"
4    android:versionCode="1"
5    android:versionName="1.0" >
6
7    <uses-sdk
7-->src\main\AndroidManifest.xml:8:5-17
8        android:minSdkVersion="19"
8-->src\main\AndroidManifest.xml:8:5-17
9        android:targetSdkVersion="26" />
9-->src\main\AndroidManifest.xml:8:5-17
10
11    <uses-permission android:name="android.permission.INTERNET" />
11-->src\main\AndroidManifest.xml:10:5-67
11-->src\main\AndroidManifest.xml:10:22-64
12    <uses-permission android:name="android.permission.WRITE_EXTERNAL_STORAGE" />
12-->src\main\AndroidManifest.xml:11:5-81
12-->src\main\AndroidManifest.xml:11:22-78
13    <uses-permission android:name="android.permission.READ_EXTERNAL_STORAGE" />
13-->src\main\AndroidManifest.xml:12:5-80
13-->src\main\AndroidManifest.xml:12:22-77
14    <uses-permission android:name="android.permission.READ_PHONE_STATE" />
14-->src\main\AndroidManifest.xml:13:5-75
14-->src\main\AndroidManifest.xml:13:22-72
15    <!-- 定位权限 -->
16    <uses-permission android:name="android.permission.ACCESS_COARSE_LOCATION" />
16-->src\main\AndroidManifest.xml:15:5-81
16-->src\main\AndroidManifest.xml:15:22-78
17    <uses-permission android:name="android.permission.ACCESS_FINE_LOCATION" />
17-->src\main\AndroidManifest.xml:16:5-79
17-->src\main\AndroidManifest.xml:16:22-76
18    <uses-permission android:name="android.permission.ACCESS_NETWORK_STATE" />
18-->src\main\AndroidManifest.xml:17:5-79
18-->src\main\AndroidManifest.xml:17:22-76
19    <uses-permission android:name="android.permission.ACCESS_WIFI_STATE" />
19-->src\main\AndroidManifest.xml:18:5-76
19-->src\main\AndroidManifest.xml:18:22-73
20    <uses-permission android:name="android.permission.CHANGE_WIFI_STATE" />
20-->src\main\AndroidManifest.xml:19:5-76
20-->src\main\AndroidManifest.xml:19:22-73
21    <uses-permission android:name="android.permission.WRITE_SETTINGS" />
21-->src\main\AndroidManifest.xml:21:5-23:47
21-->src\main\AndroidManifest.xml:22:9-57
22    <uses-permission android:name="android.permission.ACCESS_MOCK_LOCATION" />
22-->src\main\AndroidManifest.xml:24:5-26:60
22-->src\main\AndroidManifest.xml:25:9-63
23
24    <application
24-->src\main\AndroidManifest.xml:28:5-70:19
25        android:allowBackup="true"
25-->src\main\AndroidManifest.xml:29:9-35
26        android:icon="@drawable/ic_launcher"
26-->src\main\AndroidManifest.xml:30:9-45
27        android:label="@string/app_name"
27-->src\main\AndroidManifest.xml:31:9-41
28        android:theme="@style/AppTheme" >
28-->src\main\AndroidManifest.xml:32:9-40
29        <activity
29-->src\main\AndroidManifest.xml:33:9-41:20
30            android:name="com.ding.java.remembercost.Activity.Activity_Main"
30-->src\main\AndroidManifest.xml:34:13-51
31            android:label="@string/app_name" >
31-->src\main\AndroidManifest.xml:35:13-45
32            <intent-filter>
32-->src\main\AndroidManifest.xml:36:13-40:29
33                <action android:name="android.intent.action.MAIN" />
33-->src\main\AndroidManifest.xml:37:17-69
33-->src\main\AndroidManifest.xml:37:25-66
34
35                <category android:name="android.intent.category.LAUNCHER" />
35-->src\main\AndroidManifest.xml:39:17-77
35-->src\main\AndroidManifest.xml:39:27-74
36            </intent-filter>
37        </activity>
38        <activity
38-->src\main\AndroidManifest.xml:42:9-44:75
39            android:name="com.ding.java.remembercost.Activity.Activity_DatePicker"
39-->src\main\AndroidManifest.xml:43:13-57
40            android:theme="@android:style/Theme.Holo.Light.NoActionBar" />
40-->src\main\AndroidManifest.xml:44:13-72
41        <activity
41-->src\main\AndroidManifest.xml:45:9-47:75
42            android:name="com.ding.java.remembercost.Activity.Activity_CostRecordList"
42-->src\main\AndroidManifest.xml:46:13-61
43            android:theme="@android:style/Theme.Holo.Light.NoActionBar" />
43-->src\main\AndroidManifest.xml:47:13-72
44        <activity
44-->src\main\AndroidManifest.xml:48:9-50:63
45            android:name="com.ding.java.remembercost.Activity.Activity_Weather"
45-->src\main\AndroidManifest.xml:49:13-54
46            android:theme="@android:style/Theme.Holo.Light" />
46-->src\main\AndroidManifest.xml:50:13-60
47        <activity android:name="com.ding.java.remembercost.Activity.BaseActivity" />
47-->src\main\AndroidManifest.xml:51:9-59
47-->src\main\AndroidManifest.xml:51:19-56
48        <activity android:name="com.ding.java.remembercost.Activity.Activity_EditData" />
48-->src\main\AndroidManifest.xml:52:9-64
48-->src\main\AndroidManifest.xml:52:19-61
49        <activity android:name="com.ding.java.remembercost.Activity.Activity_PositionRecord" />
49-->src\main\AndroidManifest.xml:53:9-70
49-->src\main\AndroidManifest.xml:53:19-67
50
51        <service android:name="com.ding.java.remembercost.Service.RCService" />
51-->src\main\AndroidManifest.xml:55:9-54
51-->src\main\AndroidManifest.xml:55:18-51
52
53        <!-- 百度API -->
54        <!-- 百度云盘 -->
55        <meta-data
55-->src\main\AndroidManifest.xml:59:9-61:44
56            android:name="com.baidu.netdisk.sdk.app_id"
56-->src\main\AndroidManifest.xml:60:13-56
57            android:value="{申请到的APP_ID}" />
57-->src\main\AndroidManifest.xml:61:13-41
58
59        <activity android:name="com.ding.java.remembercost.yunsdk.BaiduYunEntryActivity" />
59-->src\main\AndroidManifest.xml:63:9-66
59-->src\main\AndroidManifest.xml:63:19-63
60
61        <service
61-->src\main\AndroidManifest.xml:65:9-67:39
62            android:name="com.baidu.netdisk.sdk.SDKService"
62-->src\main\AndroidManifest.xml:66:13-60
63            android:exported="true" />
63-->src\main\AndroidManifest.xml:67:13-36
64
65        <activity android:name="com.ding.java.remembercost.Activity.Activity_BaiduNetDisk" />
65-->src\main\AndroidManifest.xml:69:9-77
65-->src\main\AndroidManifest.xml:69:19-65
66    </application>
67
68</manifest>